Analysis & Synthesis report for TP2
Thu Jun 13 14:29:57 2019
Quartus II 32-bit Version 11.1 Build 259 01/25/2012 Service Pack 2 SJ Web Edition


---------------------
; Table of Contents ;
---------------------
  1. Legal Notice
  2. Analysis & Synthesis Summary
  3. Analysis & Synthesis Settings
  4. Parallel Compilation
  5. Analysis & Synthesis Source Files Read
  6. Analysis & Synthesis Resource Usage Summary
  7. Analysis & Synthesis Resource Utilization by Entity
  8. General Register Statistics
  9. Elapsed Time Per Partition
 10. Analysis & Synthesis Messages



----------------
; Legal Notice ;
----------------
Copyright (C) 1991-2011 Altera Corporation
Your use of Altera Corporation's design tools, logic functions 
and other software and tools, and its AMPP partner logic 
functions, and any output files from any of the foregoing 
(including device programming or simulation files), and any 
associated documentation or information are expressly subject 
to the terms and conditions of the Altera Program License 
Subscription Agreement, Altera MegaCore Function License 
Agreement, or other applicable license agreement, including, 
without limitation, that your use is for the sole purpose of 
programming logic devices manufactured by Altera and sold by 
Altera or its authorized distributors.  Please refer to the 
applicable agreement for further details.



+------------------------------------------------------------------------------------+
; Analysis & Synthesis Summary                                                       ;
+------------------------------------+-----------------------------------------------+
; Analysis & Synthesis Status        ; Successful - Thu Jun 13 14:29:57 2019         ;
; Quartus II 32-bit Version          ; 11.1 Build 259 01/25/2012 SP 2 SJ Web Edition ;
; Revision Name                      ; TP2                                           ;
; Top-level Entity Name              ; RegisterFile                                  ;
; Family                             ; Cyclone II                                    ;
; Total logic elements               ; 0                                             ;
;     Total combinational functions  ; 0                                             ;
;     Dedicated logic registers      ; 0                                             ;
; Total registers                    ; 0                                             ;
; Total pins                         ; 104                                           ;
; Total virtual pins                 ; 0                                             ;
; Total memory bits                  ; 0                                             ;
; Embedded Multiplier 9-bit elements ; 0                                             ;
; Total PLLs                         ; 0                                             ;
+------------------------------------+-----------------------------------------------+


+----------------------------------------------------------------------------------------------------------------------+
; Analysis & Synthesis Settings                                                                                        ;
+----------------------------------------------------------------------------+--------------------+--------------------+
; Option                                                                     ; Setting            ; Default Value      ;
+----------------------------------------------------------------------------+--------------------+--------------------+
; Device                                                                     ; EP2C35F672C6       ;                    ;
; Top-level entity name                                                      ; RegisterFile       ; TP2                ;
; Family name                                                                ; Cyclone II         ; Cyclone IV GX      ;
; Use smart compilation                                                      ; Off                ; Off                ;
; Enable parallel Assembler and TimeQuest Timing Analyzer during compilation ; On                 ; On                 ;
; Enable compact report table                                                ; Off                ; Off                ;
; Restructure Multiplexers                                                   ; Auto               ; Auto               ;
; Create Debugging Nodes for IP Cores                                        ; Off                ; Off                ;
; Preserve fewer node names                                                  ; On                 ; On                 ;
; Disable OpenCore Plus hardware evaluation                                  ; Off                ; Off                ;
; Verilog Version                                                            ; Verilog_2001       ; Verilog_2001       ;
; VHDL Version                                                               ; VHDL_1993          ; VHDL_1993          ;
; State Machine Processing                                                   ; Auto               ; Auto               ;
; Safe State Machine                                                         ; Off                ; Off                ;
; Extract Verilog State Machines                                             ; On                 ; On                 ;
; Extract VHDL State Machines                                                ; On                 ; On                 ;
; Ignore Verilog initial constructs                                          ; Off                ; Off                ;
; Iteration limit for constant Verilog loops                                 ; 5000               ; 5000               ;
; Iteration limit for non-constant Verilog loops                             ; 250                ; 250                ;
; Add Pass-Through Logic to Inferred RAMs                                    ; On                 ; On                 ;
; Infer RAMs from Raw Logic                                                  ; On                 ; On                 ;
; Parallel Synthesis                                                         ; On                 ; On                 ;
; DSP Block Balancing                                                        ; Auto               ; Auto               ;
; NOT Gate Push-Back                                                         ; On                 ; On                 ;
; Power-Up Don't Care                                                        ; On                 ; On                 ;
; Remove Redundant Logic Cells                                               ; Off                ; Off                ;
; Remove Duplicate Registers                                                 ; On                 ; On                 ;
; Ignore CARRY Buffers                                                       ; Off                ; Off                ;
; Ignore CASCADE Buffers                                                     ; Off                ; Off                ;
; Ignore GLOBAL Buffers                                                      ; Off                ; Off                ;
; Ignore ROW GLOBAL Buffers                                                  ; Off                ; Off                ;
; Ignore LCELL Buffers                                                       ; Off                ; Off                ;
; Ignore SOFT Buffers                                                        ; On                 ; On                 ;
; Limit AHDL Integers to 32 Bits                                             ; Off                ; Off                ;
; Optimization Technique                                                     ; Balanced           ; Balanced           ;
; Carry Chain Length                                                         ; 70                 ; 70                 ;
; Auto Carry Chains                                                          ; On                 ; On                 ;
; Auto Open-Drain Pins                                                       ; On                 ; On                 ;
; Perform WYSIWYG Primitive Resynthesis                                      ; Off                ; Off                ;
; Auto ROM Replacement                                                       ; On                 ; On                 ;
; Auto RAM Replacement                                                       ; On                 ; On                 ;
; Auto Shift Register Replacement                                            ; Auto               ; Auto               ;
; Allow Shift Register Merging across Hierarchies                            ; Auto               ; Auto               ;
; Auto Clock Enable Replacement                                              ; On                 ; On                 ;
; Strict RAM Replacement                                                     ; Off                ; Off                ;
; Allow Synchronous Control Signals                                          ; On                 ; On                 ;
; Force Use of Synchronous Clear Signals                                     ; Off                ; Off                ;
; Auto RAM to Logic Cell Conversion                                          ; Off                ; Off                ;
; Auto Resource Sharing                                                      ; Off                ; Off                ;
; Allow Any RAM Size For Recognition                                         ; Off                ; Off                ;
; Allow Any ROM Size For Recognition                                         ; Off                ; Off                ;
; Allow Any Shift Register Size For Recognition                              ; Off                ; Off                ;
; Use LogicLock Constraints during Resource Balancing                        ; On                 ; On                 ;
; Ignore translate_off and synthesis_off directives                          ; Off                ; Off                ;
; Timing-Driven Synthesis                                                    ; Off                ; Off                ;
; Report Parameter Settings                                                  ; On                 ; On                 ;
; Report Source Assignments                                                  ; On                 ; On                 ;
; Report Connectivity Checks                                                 ; On                 ; On                 ;
; Ignore Maximum Fan-Out Assignments                                         ; Off                ; Off                ;
; Synchronization Register Chain Length                                      ; 2                  ; 2                  ;
; PowerPlay Power Optimization                                               ; Normal compilation ; Normal compilation ;
; HDL message level                                                          ; Level2             ; Level2             ;
; Suppress Register Optimization Related Messages                            ; Off                ; Off                ;
; Number of Removed Registers Reported in Synthesis Report                   ; 5000               ; 5000               ;
; Number of Inverted Registers Reported in Synthesis Report                  ; 100                ; 100                ;
; Clock MUX Protection                                                       ; On                 ; On                 ;
; Auto Gated Clock Conversion                                                ; Off                ; Off                ;
; Block Design Naming                                                        ; Auto               ; Auto               ;
; SDC constraint protection                                                  ; Off                ; Off                ;
; Synthesis Effort                                                           ; Auto               ; Auto               ;
; Shift Register Replacement - Allow Asynchronous Clear Signal               ; On                 ; On                 ;
; Analysis & Synthesis Message Level                                         ; Medium             ; Medium             ;
; Disable Register Merging Across Hierarchies                                ; Auto               ; Auto               ;
; Resource Aware Inference For Block RAM                                     ; On                 ; On                 ;
; Synthesis Seed                                                             ; 1                  ; 1                  ;
+----------------------------------------------------------------------------+--------------------+--------------------+


Parallel compilation was disabled, but you have multiple processors available. Enable parallel compilation to reduce compilation time.
+-------------------------------------+
; Parallel Compilation                ;
+----------------------------+--------+
; Processors                 ; Number ;
+----------------------------+--------+
; Number detected on machine ; 4      ;
; Maximum allowed            ; 1      ;
+----------------------------+--------+


+-------------------------------------------------------------------------------------------------------------------------------------------------------------------------+
; Analysis & Synthesis Source Files Read                                                                                                                                  ;
+----------------------------------+-----------------+------------------------+-------------------------------------------------------------------------------------------+
; File Name with User-Entered Path ; Used in Netlist ; File Type              ; File Name with Absolute Path                                                              ;
+----------------------------------+-----------------+------------------------+-------------------------------------------------------------------------------------------+
; RegisterFile.v                   ; yes             ; User Verilog HDL File  ; C:/Users/Jhon/Documents/Matérias/Organização de Computadores/programas/TP2/RegisterFile.v ;
+----------------------------------+-----------------+------------------------+-------------------------------------------------------------------------------------------+


+-----------------------------------------------------+
; Analysis & Synthesis Resource Usage Summary         ;
+---------------------------------------------+-------+
; Resource                                    ; Usage ;
+---------------------------------------------+-------+
;                                             ;       ;
; Total combinational functions               ; 0     ;
; Logic element usage by number of LUT inputs ;       ;
;     -- 4 input functions                    ; 0     ;
;     -- 3 input functions                    ; 0     ;
;     -- <=2 input functions                  ; 0     ;
;                                             ;       ;
; Logic elements by mode                      ;       ;
;     -- normal mode                          ; 0     ;
;     -- arithmetic mode                      ; 0     ;
;                                             ;       ;
; Total registers                             ; 0     ;
;     -- Dedicated logic registers            ; 0     ;
;     -- I/O registers                        ; 0     ;
;                                             ;       ;
; I/O pins                                    ; 104   ;
+---------------------------------------------+-------+


+-----------------------------------------------------------------------------------------------------------------------------------------------------------------------------+
; Analysis & Synthesis Resource Utilization by Entity                                                                                                                         ;
+----------------------------+-------------------+--------------+-------------+--------------+---------+-----------+------+--------------+---------------------+--------------+
; Compilation Hierarchy Node ; LC Combinationals ; LC Registers ; Memory Bits ; DSP Elements ; DSP 9x9 ; DSP 18x18 ; Pins ; Virtual Pins ; Full Hierarchy Name ; Library Name ;
+----------------------------+-------------------+--------------+-------------+--------------+---------+-----------+------+--------------+---------------------+--------------+
; |RegisterFile              ; 0 (0)             ; 0 (0)        ; 0           ; 0            ; 0       ; 0         ; 104  ; 0            ; |RegisterFile       ;              ;
+----------------------------+-------------------+--------------+-------------+--------------+---------+-----------+------+--------------+---------------------+--------------+
Note: For table entries with two numbers listed, the numbers in parentheses indicate the number of resources of the given type used by the specific entity alone. The numbers listed outside of parentheses indicate the total resources of the given type used by the specific entity and all of its sub-entities in the hierarchy.


+------------------------------------------------------+
; General Register Statistics                          ;
+----------------------------------------------+-------+
; Statistic                                    ; Value ;
+----------------------------------------------+-------+
; Total registers                              ; 0     ;
; Number of registers using Synchronous Clear  ; 0     ;
; Number of registers using Synchronous Load   ; 0     ;
; Number of registers using Asynchronous Clear ; 0     ;
; Number of registers using Asynchronous Load  ; 0     ;
; Number of registers using Clock Enable       ; 0     ;
; Number of registers using Preset             ; 0     ;
+----------------------------------------------+-------+


+-------------------------------+
; Elapsed Time Per Partition    ;
+----------------+--------------+
; Partition Name ; Elapsed Time ;
+----------------+--------------+
; Top            ; 00:00:00     ;
+----------------+--------------+


+-------------------------------+
; Analysis & Synthesis Messages ;
+-------------------------------+
Info: *******************************************************************
Info: Running Quartus II 32-bit Analysis & Synthesis
    Info: Version 11.1 Build 259 01/25/2012 Service Pack 2 SJ Web Edition
    Info: Processing started: Thu Jun 13 14:29:55 2019
Info: Command: quartus_map --read_settings_files=on --write_settings_files=off TP2 -c TP2
Warning (20028): Parallel compilation is not licensed and has been disabled
Info (12021): Found 1 design units, including 1 entities, in source file calc1.v
    Info (12023): Found entity 1: CALC1
Info (12021): Found 1 design units, including 1 entities, in source file alu.v
    Info (12023): Found entity 1: ALU
Info (12021): Found 1 design units, including 1 entities, in source file tb_alu.v
    Info (12023): Found entity 1: TB_ALU
Info (12021): Found 1 design units, including 1 entities, in source file registerfile.v
    Info (12023): Found entity 1: RegisterFile
Info (12127): Elaborating entity "RegisterFile" for the top level hierarchy
Warning (10036): Verilog HDL or VHDL warning at RegisterFile.v(8): object "RegA" assigned a value but never read
Warning (10036): Verilog HDL or VHDL warning at RegisterFile.v(8): object "RegB" assigned a value but never read
Warning (10036): Verilog HDL or VHDL warning at RegisterFile.v(8): object "Acc" assigned a value but never read
Warning (10034): Output port "Dado1" at RegisterFile.v(5) has no driver
Warning (10034): Output port "Dado2" at RegisterFile.v(6) has no driver
Warning (12158): Entity "RegisterFile" contains only dangling pins
Warning (13024): Output pins are stuck at VCC or GND
    Warning (13410): Pin "Dado1[0]" is stuck at GND
    Warning (13410): Pin "Dado1[1]" is stuck at GND
    Warning (13410): Pin "Dado1[2]" is stuck at GND
    Warning (13410): Pin "Dado1[3]" is stuck at GND
    Warning (13410): Pin "Dado1[4]" is stuck at GND
    Warning (13410): Pin "Dado1[5]" is stuck at GND
    Warning (13410): Pin "Dado1[6]" is stuck at GND
    Warning (13410): Pin "Dado1[7]" is stuck at GND
    Warning (13410): Pin "Dado1[8]" is stuck at GND
    Warning (13410): Pin "Dado1[9]" is stuck at GND
    Warning (13410): Pin "Dado1[10]" is stuck at GND
    Warning (13410): Pin "Dado1[11]" is stuck at GND
    Warning (13410): Pin "Dado1[12]" is stuck at GND
    Warning (13410): Pin "Dado1[13]" is stuck at GND
    Warning (13410): Pin "Dado1[14]" is stuck at GND
    Warning (13410): Pin "Dado1[15]" is stuck at GND
    Warning (13410): Pin "Dado1[16]" is stuck at GND
    Warning (13410): Pin "Dado1[17]" is stuck at GND
    Warning (13410): Pin "Dado1[18]" is stuck at GND
    Warning (13410): Pin "Dado1[19]" is stuck at GND
    Warning (13410): Pin "Dado1[20]" is stuck at GND
    Warning (13410): Pin "Dado1[21]" is stuck at GND
    Warning (13410): Pin "Dado1[22]" is stuck at GND
    Warning (13410): Pin "Dado1[23]" is stuck at GND
    Warning (13410): Pin "Dado1[24]" is stuck at GND
    Warning (13410): Pin "Dado1[25]" is stuck at GND
    Warning (13410): Pin "Dado1[26]" is stuck at GND
    Warning (13410): Pin "Dado1[27]" is stuck at GND
    Warning (13410): Pin "Dado1[28]" is stuck at GND
    Warning (13410): Pin "Dado1[29]" is stuck at GND
    Warning (13410): Pin "Dado1[30]" is stuck at GND
    Warning (13410): Pin "Dado1[31]" is stuck at GND
    Warning (13410): Pin "Dado2[0]" is stuck at GND
    Warning (13410): Pin "Dado2[1]" is stuck at GND
    Warning (13410): Pin "Dado2[2]" is stuck at GND
    Warning (13410): Pin "Dado2[3]" is stuck at GND
    Warning (13410): Pin "Dado2[4]" is stuck at GND
    Warning (13410): Pin "Dado2[5]" is stuck at GND
    Warning (13410): Pin "Dado2[6]" is stuck at GND
    Warning (13410): Pin "Dado2[7]" is stuck at GND
    Warning (13410): Pin "Dado2[8]" is stuck at GND
    Warning (13410): Pin "Dado2[9]" is stuck at GND
    Warning (13410): Pin "Dado2[10]" is stuck at GND
    Warning (13410): Pin "Dado2[11]" is stuck at GND
    Warning (13410): Pin "Dado2[12]" is stuck at GND
    Warning (13410): Pin "Dado2[13]" is stuck at GND
    Warning (13410): Pin "Dado2[14]" is stuck at GND
    Warning (13410): Pin "Dado2[15]" is stuck at GND
    Warning (13410): Pin "Dado2[16]" is stuck at GND
    Warning (13410): Pin "Dado2[17]" is stuck at GND
    Warning (13410): Pin "Dado2[18]" is stuck at GND
    Warning (13410): Pin "Dado2[19]" is stuck at GND
    Warning (13410): Pin "Dado2[20]" is stuck at GND
    Warning (13410): Pin "Dado2[21]" is stuck at GND
    Warning (13410): Pin "Dado2[22]" is stuck at GND
    Warning (13410): Pin "Dado2[23]" is stuck at GND
    Warning (13410): Pin "Dado2[24]" is stuck at GND
    Warning (13410): Pin "Dado2[25]" is stuck at GND
    Warning (13410): Pin "Dado2[26]" is stuck at GND
    Warning (13410): Pin "Dado2[27]" is stuck at GND
    Warning (13410): Pin "Dado2[28]" is stuck at GND
    Warning (13410): Pin "Dado2[29]" is stuck at GND
    Warning (13410): Pin "Dado2[30]" is stuck at GND
    Warning (13410): Pin "Dado2[31]" is stuck at GND
Info (16010): Generating hard_block partition "hard_block:auto_generated_inst"
Warning (21074): Design contains 40 input pin(s) that do not drive logic
    Warning (15610): No output dependent on input pin "RegEsc[0]"
    Warning (15610): No output dependent on input pin "RegEsc[1]"
    Warning (15610): No output dependent on input pin "Fonte1[0]"
    Warning (15610): No output dependent on input pin "Fonte1[1]"
    Warning (15610): No output dependent on input pin "Fonte2[0]"
    Warning (15610): No output dependent on input pin "Fonte2[1]"
    Warning (15610): No output dependent on input pin "Esc"
    Warning (15610): No output dependent on input pin "Clk"
    Warning (15610): No output dependent on input pin "Dado[0]"
    Warning (15610): No output dependent on input pin "Dado[1]"
    Warning (15610): No output dependent on input pin "Dado[2]"
    Warning (15610): No output dependent on input pin "Dado[3]"
    Warning (15610): No output dependent on input pin "Dado[4]"
    Warning (15610): No output dependent on input pin "Dado[5]"
    Warning (15610): No output dependent on input pin "Dado[6]"
    Warning (15610): No output dependent on input pin "Dado[7]"
    Warning (15610): No output dependent on input pin "Dado[8]"
    Warning (15610): No output dependent on input pin "Dado[9]"
    Warning (15610): No output dependent on input pin "Dado[10]"
    Warning (15610): No output dependent on input pin "Dado[11]"
    Warning (15610): No output dependent on input pin "Dado[12]"
    Warning (15610): No output dependent on input pin "Dado[13]"
    Warning (15610): No output dependent on input pin "Dado[14]"
    Warning (15610): No output dependent on input pin "Dado[15]"
    Warning (15610): No output dependent on input pin "Dado[16]"
    Warning (15610): No output dependent on input pin "Dado[17]"
    Warning (15610): No output dependent on input pin "Dado[18]"
    Warning (15610): No output dependent on input pin "Dado[19]"
    Warning (15610): No output dependent on input pin "Dado[20]"
    Warning (15610): No output dependent on input pin "Dado[21]"
    Warning (15610): No output dependent on input pin "Dado[22]"
    Warning (15610): No output dependent on input pin "Dado[23]"
    Warning (15610): No output dependent on input pin "Dado[24]"
    Warning (15610): No output dependent on input pin "Dado[25]"
    Warning (15610): No output dependent on input pin "Dado[26]"
    Warning (15610): No output dependent on input pin "Dado[27]"
    Warning (15610): No output dependent on input pin "Dado[28]"
    Warning (15610): No output dependent on input pin "Dado[29]"
    Warning (15610): No output dependent on input pin "Dado[30]"
    Warning (15610): No output dependent on input pin "Dado[31]"
Info (21057): Implemented 104 device resources after synthesis - the final resource count might be different
    Info (21058): Implemented 40 input pins
    Info (21059): Implemented 64 output pins
Info: Quartus II 32-bit Analysis & Synthesis was successful. 0 errors, 113 warnings
    Info: Peak virtual memory: 326 megabytes
    Info: Processing ended: Thu Jun 13 14:29:57 2019
    Info: Elapsed time: 00:00:02
    Info: Total CPU time (on all processors): 00:00:01


