Analysis & Synthesis report for TP2
Sun Jun 23 16:07:24 2019
Quartus II 32-bit Version 11.1 Build 259 01/25/2012 Service Pack 2 SJ Web Edition


---------------------
; Table of Contents ;
---------------------
  1. Legal Notice
  2. Analysis & Synthesis Summary
  3. Analysis & Synthesis Settings
  4. Parallel Compilation
  5. Analysis & Synthesis Source Files Read
  6. Analysis & Synthesis Resource Usage Summary
  7. Analysis & Synthesis Resource Utilization by Entity
  8. Analysis & Synthesis RAM Summary
  9. Analysis & Synthesis DSP Block Usage Summary
 10. Registers Removed During Synthesis
 11. General Register Statistics
 12. Registers Packed Into Inferred Megafunctions
 13. Multiplexer Restructuring Statistics (Restructuring Performed)
 14. Source assignments for Mem:instMem|altsyncram:memory_rtl_0|altsyncram_e1f1:auto_generated
 15. Parameter Settings for Inferred Entity Instance: Mem:instMem|altsyncram:memory_rtl_0
 16. Parameter Settings for Inferred Entity Instance: ALU:instALU|lpm_divide:Div0
 17. Parameter Settings for Inferred Entity Instance: ALU:instALU|lpm_mult:Mult0
 18. altsyncram Parameter Settings by Entity Instance
 19. lpm_mult Parameter Settings by Entity Instance
 20. Elapsed Time Per Partition
 21. Analysis & Synthesis Messages



----------------
; Legal Notice ;
----------------
Copyright (C) 1991-2011 Altera Corporation
Your use of Altera Corporation's design tools, logic functions 
and other software and tools, and its AMPP partner logic 
functions, and any output files from any of the foregoing 
(including device programming or simulation files), and any 
associated documentation or information are expressly subject 
to the terms and conditions of the Altera Program License 
Subscription Agreement, Altera MegaCore Function License 
Agreement, or other applicable license agreement, including, 
without limitation, that your use is for the sole purpose of 
programming logic devices manufactured by Altera and sold by 
Altera or its authorized distributors.  Please refer to the 
applicable agreement for further details.



+------------------------------------------------------------------------------------+
; Analysis & Synthesis Summary                                                       ;
+------------------------------------+-----------------------------------------------+
; Analysis & Synthesis Status        ; Successful - Sun Jun 23 16:07:24 2019         ;
; Quartus II 32-bit Version          ; 11.1 Build 259 01/25/2012 SP 2 SJ Web Edition ;
; Revision Name                      ; TP2                                           ;
; Top-level Entity Name              ; CALC1                                         ;
; Family                             ; Cyclone II                                    ;
; Total logic elements               ; 3,084                                         ;
;     Total combinational functions  ; 2,158                                         ;
;     Dedicated logic registers      ; 1,125                                         ;
; Total registers                    ; 1125                                          ;
; Total pins                         ; 129                                           ;
; Total virtual pins                 ; 0                                             ;
; Total memory bits                  ; 960                                           ;
; Embedded Multiplier 9-bit elements ; 6                                             ;
; Total PLLs                         ; 0                                             ;
+------------------------------------+-----------------------------------------------+


+----------------------------------------------------------------------------------------------------------------------+
; Analysis & Synthesis Settings                                                                                        ;
+----------------------------------------------------------------------------+--------------------+--------------------+
; Option                                                                     ; Setting            ; Default Value      ;
+----------------------------------------------------------------------------+--------------------+--------------------+
; Device                                                                     ; EP2C35F672C6       ;                    ;
; Top-level entity name                                                      ; CALC1              ; TP2                ;
; Family name                                                                ; Cyclone II         ; Cyclone IV GX      ;
; Use smart compilation                                                      ; Off                ; Off                ;
; Enable parallel Assembler and TimeQuest Timing Analyzer during compilation ; On                 ; On                 ;
; Enable compact report table                                                ; Off                ; Off                ;
; Restructure Multiplexers                                                   ; Auto               ; Auto               ;
; Create Debugging Nodes for IP Cores                                        ; Off                ; Off                ;
; Preserve fewer node names                                                  ; On                 ; On                 ;
; Disable OpenCore Plus hardware evaluation                                  ; Off                ; Off                ;
; Verilog Version                                                            ; Verilog_2001       ; Verilog_2001       ;
; VHDL Version                                                               ; VHDL_1993          ; VHDL_1993          ;
; State Machine Processing                                                   ; Auto               ; Auto               ;
; Safe State Machine                                                         ; Off                ; Off                ;
; Extract Verilog State Machines                                             ; On                 ; On                 ;
; Extract VHDL State Machines                                                ; On                 ; On                 ;
; Ignore Verilog initial constructs                                          ; Off                ; Off                ;
; Iteration limit for constant Verilog loops                                 ; 5000               ; 5000               ;
; Iteration limit for non-constant Verilog loops                             ; 250                ; 250                ;
; Add Pass-Through Logic to Inferred RAMs                                    ; On                 ; On                 ;
; Infer RAMs from Raw Logic                                                  ; On                 ; On                 ;
; Parallel Synthesis                                                         ; On                 ; On                 ;
; DSP Block Balancing                                                        ; Auto               ; Auto               ;
; NOT Gate Push-Back                                                         ; On                 ; On                 ;
; Power-Up Don't Care                                                        ; On                 ; On                 ;
; Remove Redundant Logic Cells                                               ; Off                ; Off                ;
; Remove Duplicate Registers                                                 ; On                 ; On                 ;
; Ignore CARRY Buffers                                                       ; Off                ; Off                ;
; Ignore CASCADE Buffers                                                     ; Off                ; Off                ;
; Ignore GLOBAL Buffers                                                      ; Off                ; Off                ;
; Ignore ROW GLOBAL Buffers                                                  ; Off                ; Off                ;
; Ignore LCELL Buffers                                                       ; Off                ; Off                ;
; Ignore SOFT Buffers                                                        ; On                 ; On                 ;
; Limit AHDL Integers to 32 Bits                                             ; Off                ; Off                ;
; Optimization Technique                                                     ; Balanced           ; Balanced           ;
; Carry Chain Length                                                         ; 70                 ; 70                 ;
; Auto Carry Chains                                                          ; On                 ; On                 ;
; Auto Open-Drain Pins                                                       ; On                 ; On                 ;
; Perform WYSIWYG Primitive Resynthesis                                      ; Off                ; Off                ;
; Auto ROM Replacement                                                       ; On                 ; On                 ;
; Auto RAM Replacement                                                       ; On                 ; On                 ;
; Auto Shift Register Replacement                                            ; Auto               ; Auto               ;
; Allow Shift Register Merging across Hierarchies                            ; Auto               ; Auto               ;
; Auto Clock Enable Replacement                                              ; On                 ; On                 ;
; Strict RAM Replacement                                                     ; Off                ; Off                ;
; Allow Synchronous Control Signals                                          ; On                 ; On                 ;
; Force Use of Synchronous Clear Signals                                     ; Off                ; Off                ;
; Auto RAM to Logic Cell Conversion                                          ; Off                ; Off                ;
; Auto Resource Sharing                                                      ; Off                ; Off                ;
; Allow Any RAM Size For Recognition                                         ; Off                ; Off                ;
; Allow Any ROM Size For Recognition                                         ; Off                ; Off                ;
; Allow Any Shift Register Size For Recognition                              ; Off                ; Off                ;
; Use LogicLock Constraints during Resource Balancing                        ; On                 ; On                 ;
; Ignore translate_off and synthesis_off directives                          ; Off                ; Off                ;
; Timing-Driven Synthesis                                                    ; Off                ; Off                ;
; Report Parameter Settings                                                  ; On                 ; On                 ;
; Report Source Assignments                                                  ; On                 ; On                 ;
; Report Connectivity Checks                                                 ; On                 ; On                 ;
; Ignore Maximum Fan-Out Assignments                                         ; Off                ; Off                ;
; Synchronization Register Chain Length                                      ; 2                  ; 2                  ;
; PowerPlay Power Optimization                                               ; Normal compilation ; Normal compilation ;
; HDL message level                                                          ; Level2             ; Level2             ;
; Suppress Register Optimization Related Messages                            ; Off                ; Off                ;
; Number of Removed Registers Reported in Synthesis Report                   ; 5000               ; 5000               ;
; Number of Inverted Registers Reported in Synthesis Report                  ; 100                ; 100                ;
; Clock MUX Protection                                                       ; On                 ; On                 ;
; Auto Gated Clock Conversion                                                ; Off                ; Off                ;
; Block Design Naming                                                        ; Auto               ; Auto               ;
; SDC constraint protection                                                  ; Off                ; Off                ;
; Synthesis Effort                                                           ; Auto               ; Auto               ;
; Shift Register Replacement - Allow Asynchronous Clear Signal               ; On                 ; On                 ;
; Analysis & Synthesis Message Level                                         ; Medium             ; Medium             ;
; Disable Register Merging Across Hierarchies                                ; Auto               ; Auto               ;
; Resource Aware Inference For Block RAM                                     ; On                 ; On                 ;
; Synthesis Seed                                                             ; 1                  ; 1                  ;
+----------------------------------------------------------------------------+--------------------+--------------------+


Parallel compilation was disabled, but you have multiple processors available. Enable parallel compilation to reduce compilation time.
+-------------------------------------+
; Parallel Compilation                ;
+----------------------------+--------+
; Processors                 ; Number ;
+----------------------------+--------+
; Number detected on machine ; 4      ;
; Maximum allowed            ; 1      ;
+----------------------------+--------+


+--------------------------------------------------------------------------------------------------------------------------------------------------------------------------------------+
; Analysis & Synthesis Source Files Read                                                                                                                                               ;
+----------------------------------+-----------------+-------------------------------------------------------+-------------------------------------------------------------------------+
; File Name with User-Entered Path ; Used in Netlist ; File Type                                             ; File Name with Absolute Path                                            ;
+----------------------------------+-----------------+-------------------------------------------------------+-------------------------------------------------------------------------+
; CALC1.v                          ; yes             ; User Verilog HDL File                                 ; C:/Users/Jhon/Documents/GIT/TP2/Quartus/CALC1.v                         ;
; ALU.v                            ; yes             ; User Verilog HDL File                                 ; C:/Users/Jhon/Documents/GIT/TP2/Quartus/ALU.v                           ;
; RegisterFile.v                   ; yes             ; User Verilog HDL File                                 ; C:/Users/Jhon/Documents/GIT/TP2/Quartus/RegisterFile.v                  ;
; Mem.v                            ; yes             ; User Verilog HDL File                                 ; C:/Users/Jhon/Documents/GIT/TP2/Quartus/Mem.v                           ;
; Controle.v                       ; yes             ; User Verilog HDL File                                 ; C:/Users/Jhon/Documents/GIT/TP2/Quartus/Controle.v                      ;
; signExtend.v                     ; yes             ; User Verilog HDL File                                 ; C:/Users/Jhon/Documents/GIT/TP2/Quartus/signExtend.v                    ;
; memoria.txt                      ; yes             ; Auto-Found File                                       ; C:/Users/Jhon/Documents/GIT/TP2/Quartus/memoria.txt                     ;
; altsyncram.tdf                   ; yes             ; Megafunction                                          ; c:/altera/11.1sp2/quartus/libraries/megafunctions/altsyncram.tdf        ;
; stratix_ram_block.inc            ; yes             ; Megafunction                                          ; c:/altera/11.1sp2/quartus/libraries/megafunctions/stratix_ram_block.inc ;
; lpm_mux.inc                      ; yes             ; Megafunction                                          ; c:/altera/11.1sp2/quartus/libraries/megafunctions/lpm_mux.inc           ;
; lpm_decode.inc                   ; yes             ; Megafunction                                          ; c:/altera/11.1sp2/quartus/libraries/megafunctions/lpm_decode.inc        ;
; aglobal111.inc                   ; yes             ; Megafunction                                          ; c:/altera/11.1sp2/quartus/libraries/megafunctions/aglobal111.inc        ;
; a_rdenreg.inc                    ; yes             ; Megafunction                                          ; c:/altera/11.1sp2/quartus/libraries/megafunctions/a_rdenreg.inc         ;
; altrom.inc                       ; yes             ; Megafunction                                          ; c:/altera/11.1sp2/quartus/libraries/megafunctions/altrom.inc            ;
; altram.inc                       ; yes             ; Megafunction                                          ; c:/altera/11.1sp2/quartus/libraries/megafunctions/altram.inc            ;
; altdpram.inc                     ; yes             ; Megafunction                                          ; c:/altera/11.1sp2/quartus/libraries/megafunctions/altdpram.inc          ;
; db/altsyncram_e1f1.tdf           ; yes             ; Auto-Generated Megafunction                           ; C:/Users/Jhon/Documents/GIT/TP2/Quartus/db/altsyncram_e1f1.tdf          ;
; db/tp2.ram0_mem_147f7.hdl.mif    ; yes             ; Auto-Generated Auto-Found Memory Initialization File  ; C:/Users/Jhon/Documents/GIT/TP2/Quartus/db/tp2.ram0_mem_147f7.hdl.mif   ;
; lpm_divide.tdf                   ; yes             ; Megafunction                                          ; c:/altera/11.1sp2/quartus/libraries/megafunctions/lpm_divide.tdf        ;
; abs_divider.inc                  ; yes             ; Megafunction                                          ; c:/altera/11.1sp2/quartus/libraries/megafunctions/abs_divider.inc       ;
; sign_div_unsign.inc              ; yes             ; Megafunction                                          ; c:/altera/11.1sp2/quartus/libraries/megafunctions/sign_div_unsign.inc   ;
; db/lpm_divide_vfm.tdf            ; yes             ; Auto-Generated Megafunction                           ; C:/Users/Jhon/Documents/GIT/TP2/Quartus/db/lpm_divide_vfm.tdf           ;
; db/sign_div_unsign_9nh.tdf       ; yes             ; Auto-Generated Megafunction                           ; C:/Users/Jhon/Documents/GIT/TP2/Quartus/db/sign_div_unsign_9nh.tdf      ;
; db/alt_u_div_k5f.tdf             ; yes             ; Auto-Generated Megafunction                           ; C:/Users/Jhon/Documents/GIT/TP2/Quartus/db/alt_u_div_k5f.tdf            ;
; db/add_sub_lkc.tdf               ; yes             ; Auto-Generated Megafunction                           ; C:/Users/Jhon/Documents/GIT/TP2/Quartus/db/add_sub_lkc.tdf              ;
; db/add_sub_mkc.tdf               ; yes             ; Auto-Generated Megafunction                           ; C:/Users/Jhon/Documents/GIT/TP2/Quartus/db/add_sub_mkc.tdf              ;
; lpm_mult.tdf                     ; yes             ; Megafunction                                          ; c:/altera/11.1sp2/quartus/libraries/megafunctions/lpm_mult.tdf          ;
; lpm_add_sub.inc                  ; yes             ; Megafunction                                          ; c:/altera/11.1sp2/quartus/libraries/megafunctions/lpm_add_sub.inc       ;
; multcore.inc                     ; yes             ; Megafunction                                          ; c:/altera/11.1sp2/quartus/libraries/megafunctions/multcore.inc          ;
; bypassff.inc                     ; yes             ; Megafunction                                          ; c:/altera/11.1sp2/quartus/libraries/megafunctions/bypassff.inc          ;
; altshift.inc                     ; yes             ; Megafunction                                          ; c:/altera/11.1sp2/quartus/libraries/megafunctions/altshift.inc          ;
; db/mult_m1t.tdf                  ; yes             ; Auto-Generated Megafunction                           ; C:/Users/Jhon/Documents/GIT/TP2/Quartus/db/mult_m1t.tdf                 ;
+----------------------------------+-----------------+-------------------------------------------------------+-------------------------------------------------------------------------+


+-----------------------------------------------------+
; Analysis & Synthesis Resource Usage Summary         ;
+---------------------------------------------+-------+
; Resource                                    ; Usage ;
+---------------------------------------------+-------+
; Estimated Total logic elements              ; 3,084 ;
;                                             ;       ;
; Total combinational functions               ; 2158  ;
; Logic element usage by number of LUT inputs ;       ;
;     -- 4 input functions                    ; 1332  ;
;     -- 3 input functions                    ; 695   ;
;     -- <=2 input functions                  ; 131   ;
;                                             ;       ;
; Logic elements by mode                      ;       ;
;     -- normal mode                          ; 1542  ;
;     -- arithmetic mode                      ; 616   ;
;                                             ;       ;
; Total registers                             ; 1125  ;
;     -- Dedicated logic registers            ; 1125  ;
;     -- I/O registers                        ; 0     ;
;                                             ;       ;
; I/O pins                                    ; 129   ;
; Total memory bits                           ; 960   ;
; Embedded Multiplier 9-bit elements          ; 6     ;
; Maximum fan-out node                        ; Clk   ;
; Maximum fan-out                             ; 1157  ;
; Total fan-out                               ; 11499 ;
; Average fan-out                             ; 3.33  ;
+---------------------------------------------+-------+


+-----------------------------------------------------------------------------------------------------------------------------------------------------------------------------------------------------------------------------------------------------------------------------------------------------------------+
; Analysis & Synthesis Resource Utilization by Entity                                                                                                                                                                                                                                                             ;
+-------------------------------------------+-------------------+--------------+-------------+--------------+---------+-----------+------+--------------+------------------------------------------------------------------------------------------------------------------------------------------+--------------+
; Compilation Hierarchy Node                ; LC Combinationals ; LC Registers ; Memory Bits ; DSP Elements ; DSP 9x9 ; DSP 18x18 ; Pins ; Virtual Pins ; Full Hierarchy Name                                                                                                                      ; Library Name ;
+-------------------------------------------+-------------------+--------------+-------------+--------------+---------+-----------+------+--------------+------------------------------------------------------------------------------------------------------------------------------------------+--------------+
; |CALC1                                    ; 2158 (104)        ; 1125 (5)     ; 960         ; 6            ; 0       ; 3         ; 129  ; 0            ; |CALC1                                                                                                                                   ;              ;
;    |ALU:instALU|                          ; 1201 (64)         ; 0 (0)        ; 0           ; 6            ; 0       ; 3         ; 0    ; 0            ; |CALC1|ALU:instALU                                                                                                                       ;              ;
;       |lpm_divide:Div0|                   ; 1109 (0)          ; 0 (0)        ; 0           ; 0            ; 0       ; 0         ; 0    ; 0            ; |CALC1|ALU:instALU|lpm_divide:Div0                                                                                                       ;              ;
;          |lpm_divide_vfm:auto_generated|  ; 1109 (0)          ; 0 (0)        ; 0           ; 0            ; 0       ; 0         ; 0    ; 0            ; |CALC1|ALU:instALU|lpm_divide:Div0|lpm_divide_vfm:auto_generated                                                                         ;              ;
;             |sign_div_unsign_9nh:divider| ; 1109 (0)          ; 0 (0)        ; 0           ; 0            ; 0       ; 0         ; 0    ; 0            ; |CALC1|ALU:instALU|lpm_divide:Div0|lpm_divide_vfm:auto_generated|sign_div_unsign_9nh:divider                                             ;              ;
;                |alt_u_div_k5f:divider|    ; 1109 (1108)       ; 0 (0)        ; 0           ; 0            ; 0       ; 0         ; 0    ; 0            ; |CALC1|ALU:instALU|lpm_divide:Div0|lpm_divide_vfm:auto_generated|sign_div_unsign_9nh:divider|alt_u_div_k5f:divider                       ;              ;
;                   |add_sub_mkc:add_sub_1| ; 1 (1)             ; 0 (0)        ; 0           ; 0            ; 0       ; 0         ; 0    ; 0            ; |CALC1|ALU:instALU|lpm_divide:Div0|lpm_divide_vfm:auto_generated|sign_div_unsign_9nh:divider|alt_u_div_k5f:divider|add_sub_mkc:add_sub_1 ;              ;
;       |lpm_mult:Mult0|                    ; 28 (0)            ; 0 (0)        ; 0           ; 6            ; 0       ; 3         ; 0    ; 0            ; |CALC1|ALU:instALU|lpm_mult:Mult0                                                                                                        ;              ;
;          |mult_m1t:auto_generated|        ; 28 (28)           ; 0 (0)        ; 0           ; 6            ; 0       ; 3         ; 0    ; 0            ; |CALC1|ALU:instALU|lpm_mult:Mult0|mult_m1t:auto_generated                                                                                ;              ;
;    |Controle:instControle|                ; 2 (2)             ; 0 (0)        ; 0           ; 0            ; 0       ; 0         ; 0    ; 0            ; |CALC1|Controle:instControle                                                                                                             ;              ;
;    |Mem:instMem|                          ; 784 (784)         ; 992 (992)    ; 960         ; 0            ; 0       ; 0         ; 0    ; 0            ; |CALC1|Mem:instMem                                                                                                                       ;              ;
;       |altsyncram:memory_rtl_0|           ; 0 (0)             ; 0 (0)        ; 960         ; 0            ; 0       ; 0         ; 0    ; 0            ; |CALC1|Mem:instMem|altsyncram:memory_rtl_0                                                                                               ;              ;
;          |altsyncram_e1f1:auto_generated| ; 0 (0)             ; 0 (0)        ; 960         ; 0            ; 0       ; 0         ; 0    ; 0            ; |CALC1|Mem:instMem|altsyncram:memory_rtl_0|altsyncram_e1f1:auto_generated                                                                ;              ;
;    |RegisterFile:insRegisterFile|         ; 67 (67)           ; 128 (128)    ; 0           ; 0            ; 0       ; 0         ; 0    ; 0            ; |CALC1|RegisterFile:insRegisterFile                                                                                                      ;              ;
+-------------------------------------------+-------------------+--------------+-------------+--------------+---------+-----------+------+--------------+------------------------------------------------------------------------------------------------------------------------------------------+--------------+
Note: For table entries with two numbers listed, the numbers in parentheses indicate the number of resources of the given type used by the specific entity alone. The numbers listed outside of parentheses indicate the total resources of the given type used by the specific entity and all of its sub-entities in the hierarchy.


+------------------------------------------------------------------------------------------------------------------------------------------------------------------------------------------------------------+
; Analysis & Synthesis RAM Summary                                                                                                                                                                           ;
+-------------------------------------------------------------------------------+------+------------------+--------------+--------------+--------------+--------------+------+-------------------------------+
; Name                                                                          ; Type ; Mode             ; Port A Depth ; Port A Width ; Port B Depth ; Port B Width ; Size ; MIF                           ;
+-------------------------------------------------------------------------------+------+------------------+--------------+--------------+--------------+--------------+------+-------------------------------+
; Mem:instMem|altsyncram:memory_rtl_0|altsyncram_e1f1:auto_generated|ALTSYNCRAM ; AUTO ; Simple Dual Port ; 30           ; 32           ; 30           ; 32           ; 960  ; db/TP2.ram0_Mem_147f7.hdl.mif ;
+-------------------------------------------------------------------------------+------+------------------+--------------+--------------+--------------+--------------+------+-------------------------------+


+-----------------------------------------------------+
; Analysis & Synthesis DSP Block Usage Summary        ;
+---------------------------------------+-------------+
; Statistic                             ; Number Used ;
+---------------------------------------+-------------+
; Simple Multipliers (9-bit)            ; 0           ;
; Simple Multipliers (18-bit)           ; 3           ;
; Embedded Multiplier Blocks            ; --          ;
; Embedded Multiplier 9-bit elements    ; 6           ;
; Signed Embedded Multipliers           ; 0           ;
; Unsigned Embedded Multipliers         ; 1           ;
; Mixed Sign Embedded Multipliers       ; 2           ;
; Variable Sign Embedded Multipliers    ; 0           ;
; Dedicated Input Shift Register Chains ; 0           ;
+---------------------------------------+-------------+
Note: number of Embedded Multiplier Blocks used is only available after a successful fit.


+---------------------------------------------------------------------------------------------+
; Registers Removed During Synthesis                                                          ;
+----------------------------------------+----------------------------------------------------+
; Register name                          ; Reason for Removal                                 ;
+----------------------------------------+----------------------------------------------------+
; RegisterFile:insRegisterFile|Dado2[31] ; Merged with RegisterFile:insRegisterFile|Dado1[31] ;
; RegisterFile:insRegisterFile|Dado2[30] ; Merged with RegisterFile:insRegisterFile|Dado1[30] ;
; RegisterFile:insRegisterFile|Dado2[29] ; Merged with RegisterFile:insRegisterFile|Dado1[29] ;
; RegisterFile:insRegisterFile|Dado2[28] ; Merged with RegisterFile:insRegisterFile|Dado1[28] ;
; RegisterFile:insRegisterFile|Dado2[27] ; Merged with RegisterFile:insRegisterFile|Dado1[27] ;
; RegisterFile:insRegisterFile|Dado2[26] ; Merged with RegisterFile:insRegisterFile|Dado1[26] ;
; RegisterFile:insRegisterFile|Dado2[25] ; Merged with RegisterFile:insRegisterFile|Dado1[25] ;
; RegisterFile:insRegisterFile|Dado2[24] ; Merged with RegisterFile:insRegisterFile|Dado1[24] ;
; RegisterFile:insRegisterFile|Dado2[23] ; Merged with RegisterFile:insRegisterFile|Dado1[23] ;
; RegisterFile:insRegisterFile|Dado2[22] ; Merged with RegisterFile:insRegisterFile|Dado1[22] ;
; RegisterFile:insRegisterFile|Dado2[21] ; Merged with RegisterFile:insRegisterFile|Dado1[21] ;
; RegisterFile:insRegisterFile|Dado2[20] ; Merged with RegisterFile:insRegisterFile|Dado1[20] ;
; RegisterFile:insRegisterFile|Dado2[19] ; Merged with RegisterFile:insRegisterFile|Dado1[19] ;
; RegisterFile:insRegisterFile|Dado2[18] ; Merged with RegisterFile:insRegisterFile|Dado1[18] ;
; RegisterFile:insRegisterFile|Dado2[17] ; Merged with RegisterFile:insRegisterFile|Dado1[17] ;
; RegisterFile:insRegisterFile|Dado2[16] ; Merged with RegisterFile:insRegisterFile|Dado1[16] ;
; RegisterFile:insRegisterFile|Dado2[15] ; Merged with RegisterFile:insRegisterFile|Dado1[15] ;
; RegisterFile:insRegisterFile|Dado2[14] ; Merged with RegisterFile:insRegisterFile|Dado1[14] ;
; RegisterFile:insRegisterFile|Dado2[13] ; Merged with RegisterFile:insRegisterFile|Dado1[13] ;
; RegisterFile:insRegisterFile|Dado2[12] ; Merged with RegisterFile:insRegisterFile|Dado1[12] ;
; RegisterFile:insRegisterFile|Dado2[11] ; Merged with RegisterFile:insRegisterFile|Dado1[11] ;
; RegisterFile:insRegisterFile|Dado2[10] ; Merged with RegisterFile:insRegisterFile|Dado1[10] ;
; RegisterFile:insRegisterFile|Dado2[9]  ; Merged with RegisterFile:insRegisterFile|Dado1[9]  ;
; RegisterFile:insRegisterFile|Dado2[8]  ; Merged with RegisterFile:insRegisterFile|Dado1[8]  ;
; RegisterFile:insRegisterFile|Dado2[7]  ; Merged with RegisterFile:insRegisterFile|Dado1[7]  ;
; RegisterFile:insRegisterFile|Dado2[6]  ; Merged with RegisterFile:insRegisterFile|Dado1[6]  ;
; RegisterFile:insRegisterFile|Dado2[5]  ; Merged with RegisterFile:insRegisterFile|Dado1[5]  ;
; RegisterFile:insRegisterFile|Dado2[4]  ; Merged with RegisterFile:insRegisterFile|Dado1[4]  ;
; RegisterFile:insRegisterFile|Dado2[3]  ; Merged with RegisterFile:insRegisterFile|Dado1[3]  ;
; RegisterFile:insRegisterFile|Dado2[2]  ; Merged with RegisterFile:insRegisterFile|Dado1[2]  ;
; RegisterFile:insRegisterFile|Dado2[1]  ; Merged with RegisterFile:insRegisterFile|Dado1[1]  ;
; RegisterFile:insRegisterFile|Dado2[0]  ; Merged with RegisterFile:insRegisterFile|Dado1[0]  ;
; PC[5..31]                              ; Lost fanout                                        ;
; Total Number of Removed Registers = 59 ;                                                    ;
+----------------------------------------+----------------------------------------------------+


+------------------------------------------------------+
; General Register Statistics                          ;
+----------------------------------------------+-------+
; Statistic                                    ; Value ;
+----------------------------------------------+-------+
; Total registers                              ; 1125  ;
; Number of registers using Synchronous Clear  ; 0     ;
; Number of registers using Synchronous Load   ; 0     ;
; Number of registers using Asynchronous Clear ; 0     ;
; Number of registers using Asynchronous Load  ; 0     ;
; Number of registers using Clock Enable       ; 1060  ;
; Number of registers using Preset             ; 0     ;
+----------------------------------------------+-------+


+-----------------------------------------------------------+
; Registers Packed Into Inferred Megafunctions              ;
+-------------------------+--------------------------+------+
; Register Name           ; Megafunction             ; Type ;
+-------------------------+--------------------------+------+
; Mem:instMem|Data[0..31] ; Mem:instMem|memory_rtl_0 ; RAM  ;
+-------------------------+--------------------------+------+


+-----------------------------------------------------------------------------------------------------------------------------------------------------------------------------+
; Multiplexer Restructuring Statistics (Restructuring Performed)                                                                                                              ;
+--------------------+-----------+---------------+----------------------+------------------------+-----------------------------------------------+----------------------------+
; Multiplexer Inputs ; Bus Width ; Baseline Area ; Area if Restructured ; Saving if Restructured ; Registered                                    ; Example Multiplexer Output ;
+--------------------+-----------+---------------+----------------------+------------------------+-----------------------------------------------+----------------------------+
; 4:1                ; 32 bits   ; 64 LEs        ; 64 LEs               ; 0 LEs                  ; |CALC1|RegisterFile:insRegisterFile|Dado1[29] ;                            ;
; 17:1               ; 32 bits   ; 352 LEs       ; 128 LEs              ; 224 LEs                ; |CALC1|DadosEscrita[3]                        ;                            ;
+--------------------+-----------+---------------+----------------------+------------------------+-----------------------------------------------+----------------------------+


+-------------------------------------------------------------------------------------------+
; Source assignments for Mem:instMem|altsyncram:memory_rtl_0|altsyncram_e1f1:auto_generated ;
+---------------------------------+--------------------+------+-----------------------------+
; Assignment                      ; Value              ; From ; To                          ;
+---------------------------------+--------------------+------+-----------------------------+
; OPTIMIZE_POWER_DURING_SYNTHESIS ; NORMAL_COMPILATION ; -    ; -                           ;
+---------------------------------+--------------------+------+-----------------------------+


+--------------------------------------------------------------------------------------+
; Parameter Settings for Inferred Entity Instance: Mem:instMem|altsyncram:memory_rtl_0 ;
+------------------------------------+-------------------------------+-----------------+
; Parameter Name                     ; Value                         ; Type            ;
+------------------------------------+-------------------------------+-----------------+
; BYTE_SIZE_BLOCK                    ; 8                             ; Untyped         ;
; AUTO_CARRY_CHAINS                  ; ON                            ; AUTO_CARRY      ;
; IGNORE_CARRY_BUFFERS               ; OFF                           ; IGNORE_CARRY    ;
; AUTO_CASCADE_CHAINS                ; ON                            ; AUTO_CASCADE    ;
; IGNORE_CASCADE_BUFFERS             ; OFF                           ; IGNORE_CASCADE  ;
; WIDTH_BYTEENA                      ; 1                             ; Untyped         ;
; OPERATION_MODE                     ; DUAL_PORT                     ; Untyped         ;
; WIDTH_A                            ; 32                            ; Untyped         ;
; WIDTHAD_A                          ; 5                             ; Untyped         ;
; NUMWORDS_A                         ; 30                            ; Untyped         ;
; OUTDATA_REG_A                      ; UNREGISTERED                  ; Untyped         ;
; ADDRESS_ACLR_A                     ; NONE                          ; Untyped         ;
; OUTDATA_ACLR_A                     ; NONE                          ; Untyped         ;
; WRCONTROL_ACLR_A                   ; NONE                          ; Untyped         ;
; INDATA_ACLR_A                      ; NONE                          ; Untyped         ;
; BYTEENA_ACLR_A                     ; NONE                          ; Untyped         ;
; WIDTH_B                            ; 32                            ; Untyped         ;
; WIDTHAD_B                          ; 5                             ; Untyped         ;
; NUMWORDS_B                         ; 30                            ; Untyped         ;
; INDATA_REG_B                       ; CLOCK1                        ; Untyped         ;
; WRCONTROL_WRADDRESS_REG_B          ; CLOCK1                        ; Untyped         ;
; RDCONTROL_REG_B                    ; CLOCK1                        ; Untyped         ;
; ADDRESS_REG_B                      ; CLOCK0                        ; Untyped         ;
; OUTDATA_REG_B                      ; CLOCK0                        ; Untyped         ;
; BYTEENA_REG_B                      ; CLOCK1                        ; Untyped         ;
; INDATA_ACLR_B                      ; NONE                          ; Untyped         ;
; WRCONTROL_ACLR_B                   ; NONE                          ; Untyped         ;
; ADDRESS_ACLR_B                     ; NONE                          ; Untyped         ;
; OUTDATA_ACLR_B                     ; NONE                          ; Untyped         ;
; RDCONTROL_ACLR_B                   ; NONE                          ; Untyped         ;
; BYTEENA_ACLR_B                     ; NONE                          ; Untyped         ;
; WIDTH_BYTEENA_A                    ; 1                             ; Untyped         ;
; WIDTH_BYTEENA_B                    ; 1                             ; Untyped         ;
; RAM_BLOCK_TYPE                     ; AUTO                          ; Untyped         ;
; BYTE_SIZE                          ; 8                             ; Untyped         ;
; READ_DURING_WRITE_MODE_MIXED_PORTS ; DONT_CARE                     ; Untyped         ;
; READ_DURING_WRITE_MODE_PORT_A      ; NEW_DATA_NO_NBE_READ          ; Untyped         ;
; READ_DURING_WRITE_MODE_PORT_B      ; NEW_DATA_NO_NBE_READ          ; Untyped         ;
; INIT_FILE                          ; db/TP2.ram0_Mem_147f7.hdl.mif ; Untyped         ;
; INIT_FILE_LAYOUT                   ; PORT_A                        ; Untyped         ;
; MAXIMUM_DEPTH                      ; 0                             ; Untyped         ;
; CLOCK_ENABLE_INPUT_A               ; NORMAL                        ; Untyped         ;
; CLOCK_ENABLE_INPUT_B               ; NORMAL                        ; Untyped         ;
; CLOCK_ENABLE_OUTPUT_A              ; NORMAL                        ; Untyped         ;
; CLOCK_ENABLE_OUTPUT_B              ; NORMAL                        ; Untyped         ;
; CLOCK_ENABLE_CORE_A                ; USE_INPUT_CLKEN               ; Untyped         ;
; CLOCK_ENABLE_CORE_B                ; USE_INPUT_CLKEN               ; Untyped         ;
; ENABLE_ECC                         ; FALSE                         ; Untyped         ;
; WIDTH_ECCSTATUS                    ; 3                             ; Untyped         ;
; DEVICE_FAMILY                      ; Cyclone II                    ; Untyped         ;
; CBXI_PARAMETER                     ; altsyncram_e1f1               ; Untyped         ;
+------------------------------------+-------------------------------+-----------------+
Note: In order to hide this table in the UI and the text report file, please set the "Show Parameter Settings in Synthesis Report" option in "Analysis and Synthesis Settings -> More Settings" to "Off".


+------------------------------------------------------------------------------+
; Parameter Settings for Inferred Entity Instance: ALU:instALU|lpm_divide:Div0 ;
+------------------------+----------------+------------------------------------+
; Parameter Name         ; Value          ; Type                               ;
+------------------------+----------------+------------------------------------+
; LPM_WIDTHN             ; 32             ; Untyped                            ;
; LPM_WIDTHD             ; 32             ; Untyped                            ;
; LPM_NREPRESENTATION    ; UNSIGNED       ; Untyped                            ;
; LPM_DREPRESENTATION    ; UNSIGNED       ; Untyped                            ;
; LPM_PIPELINE           ; 0              ; Untyped                            ;
; LPM_REMAINDERPOSITIVE  ; TRUE           ; Untyped                            ;
; MAXIMIZE_SPEED         ; 5              ; Untyped                            ;
; CBXI_PARAMETER         ; lpm_divide_vfm ; Untyped                            ;
; CARRY_CHAIN            ; MANUAL         ; Untyped                            ;
; OPTIMIZE_FOR_SPEED     ; 5              ; Untyped                            ;
; AUTO_CARRY_CHAINS      ; ON             ; AUTO_CARRY                         ;
; IGNORE_CARRY_BUFFERS   ; OFF            ; IGNORE_CARRY                       ;
; AUTO_CASCADE_CHAINS    ; ON             ; AUTO_CASCADE                       ;
; IGNORE_CASCADE_BUFFERS ; OFF            ; IGNORE_CASCADE                     ;
+------------------------+----------------+------------------------------------+
Note: In order to hide this table in the UI and the text report file, please set the "Show Parameter Settings in Synthesis Report" option in "Analysis and Synthesis Settings -> More Settings" to "Off".


+-----------------------------------------------------------------------------------+
; Parameter Settings for Inferred Entity Instance: ALU:instALU|lpm_mult:Mult0       ;
+------------------------------------------------+------------+---------------------+
; Parameter Name                                 ; Value      ; Type                ;
+------------------------------------------------+------------+---------------------+
; AUTO_CARRY_CHAINS                              ; ON         ; AUTO_CARRY          ;
; IGNORE_CARRY_BUFFERS                           ; OFF        ; IGNORE_CARRY        ;
; AUTO_CASCADE_CHAINS                            ; ON         ; AUTO_CASCADE        ;
; IGNORE_CASCADE_BUFFERS                         ; OFF        ; IGNORE_CASCADE      ;
; LPM_WIDTHA                                     ; 32         ; Untyped             ;
; LPM_WIDTHB                                     ; 25         ; Untyped             ;
; LPM_WIDTHP                                     ; 57         ; Untyped             ;
; LPM_WIDTHR                                     ; 57         ; Untyped             ;
; LPM_WIDTHS                                     ; 1          ; Untyped             ;
; LPM_REPRESENTATION                             ; SIGNED     ; Untyped             ;
; LPM_PIPELINE                                   ; 0          ; Untyped             ;
; LATENCY                                        ; 0          ; Untyped             ;
; INPUT_A_IS_CONSTANT                            ; NO         ; Untyped             ;
; INPUT_B_IS_CONSTANT                            ; NO         ; Untyped             ;
; USE_EAB                                        ; OFF        ; Untyped             ;
; MAXIMIZE_SPEED                                 ; 5          ; Untyped             ;
; DEVICE_FAMILY                                  ; Cyclone II ; Untyped             ;
; CARRY_CHAIN                                    ; MANUAL     ; Untyped             ;
; APEX20K_TECHNOLOGY_MAPPER                      ; LUT        ; TECH_MAPPER_APEX20K ;
; DEDICATED_MULTIPLIER_CIRCUITRY                 ; AUTO       ; Untyped             ;
; DEDICATED_MULTIPLIER_MIN_INPUT_WIDTH_FOR_AUTO  ; 0          ; Untyped             ;
; DEDICATED_MULTIPLIER_MIN_OUTPUT_WIDTH_FOR_AUTO ; 0          ; Untyped             ;
; CBXI_PARAMETER                                 ; mult_m1t   ; Untyped             ;
; INPUT_A_FIXED_VALUE                            ; Bx         ; Untyped             ;
; INPUT_B_FIXED_VALUE                            ; Bx         ; Untyped             ;
; USE_AHDL_IMPLEMENTATION                        ; OFF        ; Untyped             ;
+------------------------------------------------+------------+---------------------+
Note: In order to hide this table in the UI and the text report file, please set the "Show Parameter Settings in Synthesis Report" option in "Analysis and Synthesis Settings -> More Settings" to "Off".


+---------------------------------------------------------------------------------+
; altsyncram Parameter Settings by Entity Instance                                ;
+-------------------------------------------+-------------------------------------+
; Name                                      ; Value                               ;
+-------------------------------------------+-------------------------------------+
; Number of entity instances                ; 1                                   ;
; Entity Instance                           ; Mem:instMem|altsyncram:memory_rtl_0 ;
;     -- OPERATION_MODE                     ; DUAL_PORT                           ;
;     -- WIDTH_A                            ; 32                                  ;
;     -- NUMWORDS_A                         ; 30                                  ;
;     -- OUTDATA_REG_A                      ; UNREGISTERED                        ;
;     -- WIDTH_B                            ; 32                                  ;
;     -- NUMWORDS_B                         ; 30                                  ;
;     -- ADDRESS_REG_B                      ; CLOCK0                              ;
;     -- OUTDATA_REG_B                      ; CLOCK0                              ;
;     -- RAM_BLOCK_TYPE                     ; AUTO                                ;
;     -- READ_DURING_WRITE_MODE_MIXED_PORTS ; DONT_CARE                           ;
+-------------------------------------------+-------------------------------------+


+--------------------------------------------------------------------+
; lpm_mult Parameter Settings by Entity Instance                     ;
+---------------------------------------+----------------------------+
; Name                                  ; Value                      ;
+---------------------------------------+----------------------------+
; Number of entity instances            ; 1                          ;
; Entity Instance                       ; ALU:instALU|lpm_mult:Mult0 ;
;     -- LPM_WIDTHA                     ; 32                         ;
;     -- LPM_WIDTHB                     ; 25                         ;
;     -- LPM_WIDTHP                     ; 57                         ;
;     -- LPM_REPRESENTATION             ; SIGNED                     ;
;     -- INPUT_A_IS_CONSTANT            ; NO                         ;
;     -- INPUT_B_IS_CONSTANT            ; NO                         ;
;     -- USE_EAB                        ; OFF                        ;
;     -- DEDICATED_MULTIPLIER_CIRCUITRY ; AUTO                       ;
;     -- INPUT_A_FIXED_VALUE            ; Bx                         ;
;     -- INPUT_B_FIXED_VALUE            ; Bx                         ;
+---------------------------------------+----------------------------+


+-------------------------------+
; Elapsed Time Per Partition    ;
+----------------+--------------+
; Partition Name ; Elapsed Time ;
+----------------+--------------+
; Top            ; 00:00:25     ;
+----------------+--------------+


+-------------------------------+
; Analysis & Synthesis Messages ;
+-------------------------------+
Info: *******************************************************************
Info: Running Quartus II 32-bit Analysis & Synthesis
    Info: Version 11.1 Build 259 01/25/2012 Service Pack 2 SJ Web Edition
    Info: Processing started: Sun Jun 23 16:06:55 2019
Info: Command: quartus_map --read_settings_files=on --write_settings_files=off TP2 -c TP2
Warning (20028): Parallel compilation is not licensed and has been disabled
Info (12021): Found 1 design units, including 1 entities, in source file calc1.v
    Info (12023): Found entity 1: CALC1
Info (12021): Found 1 design units, including 1 entities, in source file alu.v
    Info (12023): Found entity 1: ALU
Info (12021): Found 1 design units, including 1 entities, in source file tb_alu.v
    Info (12023): Found entity 1: TB_ALU
Info (12021): Found 1 design units, including 1 entities, in source file registerfile.v
    Info (12023): Found entity 1: RegisterFile
Warning (10090): Verilog HDL syntax warning at TB_RegisterFile.v(21): extra block comment delimiter characters /* within block comment
Info (12021): Found 1 design units, including 1 entities, in source file tb_registerfile.v
    Info (12023): Found entity 1: TB_RegisterFile
Warning (10261): Verilog HDL Event Control warning at Mem.v(28): Event Control contains a complex event expression
Info (12021): Found 1 design units, including 1 entities, in source file mem.v
    Info (12023): Found entity 1: Mem
Info (12021): Found 1 design units, including 1 entities, in source file controle.v
    Info (12023): Found entity 1: Controle
Info (12021): Found 1 design units, including 1 entities, in source file signextend.v
    Info (12023): Found entity 1: signExtend
Info (12021): Found 1 design units, including 1 entities, in source file tb_calc1.v
    Info (12023): Found entity 1: tb_CALC1
Info (12021): Found 1 design units, including 1 entities, in source file teste.v
    Info (12023): Found entity 1: teste
Info (12127): Elaborating entity "CALC1" for the top level hierarchy
Info (12128): Elaborating entity "ALU" for hierarchy "ALU:instALU"
Info (10264): Verilog HDL Case Statement information at ALU.v(10): all case item expressions in this case statement are onehot
Info (12128): Elaborating entity "RegisterFile" for hierarchy "RegisterFile:insRegisterFile"
Info (12128): Elaborating entity "Mem" for hierarchy "Mem:instMem"
Info (12128): Elaborating entity "Controle" for hierarchy "Controle:instControle"
Info (12128): Elaborating entity "signExtend" for hierarchy "signExtend:instSignExtend"
Info (13005): Duplicate registers merged to single register
Info (276014): Found 1 instances of uninferred RAM logic
    Info (276007): RAM logic "Mem:instMem|memory" is uninferred due to asynchronous read logic
Critical Warning (127005): Memory depth (32) in the design file differs from memory depth (30) in the Memory Initialization File "C:/Users/Jhon/Documents/GIT/TP2/Quartus/db/TP2.ram0_Mem_147f7.hdl.mif" -- setting initial value for remaining addresses to 0
Info (19000): Inferred 1 megafunctions from design logic
    Info (276029): Inferred altsyncram megafunction from the following design logic: "Mem:instMem|memory_rtl_0" 
        Info (286033): Parameter OPERATION_MODE set to DUAL_PORT
        Info (286033): Parameter WIDTH_A set to 32
        Info (286033): Parameter WIDTHAD_A set to 5
        Info (286033): Parameter NUMWORDS_A set to 30
        Info (286033): Parameter WIDTH_B set to 32
        Info (286033): Parameter WIDTHAD_B set to 5
        Info (286033): Parameter NUMWORDS_B set to 30
        Info (286033): Parameter ADDRESS_ACLR_A set to NONE
        Info (286033): Parameter OUTDATA_REG_B set to CLOCK0
        Info (286033): Parameter ADDRESS_ACLR_B set to NONE
        Info (286033): Parameter OUTDATA_ACLR_B set to NONE
        Info (286033): Parameter ADDRESS_REG_B set to CLOCK0
        Info (286033): Parameter INDATA_ACLR_A set to NONE
        Info (286033): Parameter WRCONTROL_ACLR_A set to NONE
        Info (286033): Parameter INIT_FILE set to db/TP2.ram0_Mem_147f7.hdl.mif
Info (278001): Inferred 2 megafunctions from design logic
    Info (278004): Inferred divider/modulo megafunction ("lpm_divide") from the following logic: "ALU:instALU|Div0"
    Info (278003): Inferred multiplier megafunction ("lpm_mult") from the following logic: "ALU:instALU|Mult0"
Info (12130): Elaborated megafunction instantiation "Mem:instMem|altsyncram:memory_rtl_0"
Info (12133): Instantiated megafunction "Mem:instMem|altsyncram:memory_rtl_0" with the following parameter:
    Info (12134): Parameter "OPERATION_MODE" = "DUAL_PORT"
    Info (12134): Parameter "WIDTH_A" = "32"
    Info (12134): Parameter "WIDTHAD_A" = "5"
    Info (12134): Parameter "NUMWORDS_A" = "30"
    Info (12134): Parameter "WIDTH_B" = "32"
    Info (12134): Parameter "WIDTHAD_B" = "5"
    Info (12134): Parameter "NUMWORDS_B" = "30"
    Info (12134): Parameter "ADDRESS_ACLR_A" = "NONE"
    Info (12134): Parameter "OUTDATA_REG_B" = "CLOCK0"
    Info (12134): Parameter "ADDRESS_ACLR_B" = "NONE"
    Info (12134): Parameter "OUTDATA_ACLR_B" = "NONE"
    Info (12134): Parameter "ADDRESS_REG_B" = "CLOCK0"
    Info (12134): Parameter "INDATA_ACLR_A" = "NONE"
    Info (12134): Parameter "WRCONTROL_ACLR_A" = "NONE"
    Info (12134): Parameter "INIT_FILE" = "db/TP2.ram0_Mem_147f7.hdl.mif"
Info (12021): Found 1 design units, including 1 entities, in source file db/altsyncram_e1f1.tdf
    Info (12023): Found entity 1: altsyncram_e1f1
Info (12130): Elaborated megafunction instantiation "ALU:instALU|lpm_divide:Div0"
Info (12133): Instantiated megafunction "ALU:instALU|lpm_divide:Div0" with the following parameter:
    Info (12134): Parameter "LPM_WIDTHN" = "32"
    Info (12134): Parameter "LPM_WIDTHD" = "32"
    Info (12134): Parameter "LPM_NREPRESENTATION" = "UNSIGNED"
    Info (12134): Parameter "LPM_DREPRESENTATION" = "UNSIGNED"
Info (12021): Found 1 design units, including 1 entities, in source file db/lpm_divide_vfm.tdf
    Info (12023): Found entity 1: lpm_divide_vfm
Info (12021): Found 1 design units, including 1 entities, in source file db/sign_div_unsign_9nh.tdf
    Info (12023): Found entity 1: sign_div_unsign_9nh
Info (12021): Found 1 design units, including 1 entities, in source file db/alt_u_div_k5f.tdf
    Info (12023): Found entity 1: alt_u_div_k5f
Info (12021): Found 1 design units, including 1 entities, in source file db/add_sub_lkc.tdf
    Info (12023): Found entity 1: add_sub_lkc
Info (12021): Found 1 design units, including 1 entities, in source file db/add_sub_mkc.tdf
    Info (12023): Found entity 1: add_sub_mkc
Info (12130): Elaborated megafunction instantiation "ALU:instALU|lpm_mult:Mult0"
Info (12133): Instantiated megafunction "ALU:instALU|lpm_mult:Mult0" with the following parameter:
    Info (12134): Parameter "LPM_WIDTHA" = "32"
    Info (12134): Parameter "LPM_WIDTHB" = "25"
    Info (12134): Parameter "LPM_WIDTHP" = "57"
    Info (12134): Parameter "LPM_WIDTHR" = "57"
    Info (12134): Parameter "LPM_WIDTHS" = "1"
    Info (12134): Parameter "LPM_REPRESENTATION" = "SIGNED"
    Info (12134): Parameter "INPUT_A_IS_CONSTANT" = "NO"
    Info (12134): Parameter "INPUT_B_IS_CONSTANT" = "NO"
    Info (12134): Parameter "MAXIMIZE_SPEED" = "5"
Info (12021): Found 1 design units, including 1 entities, in source file db/mult_m1t.tdf
    Info (12023): Found entity 1: mult_m1t
Warning (14284): Synthesized away the following node(s):
    Warning (14285): Synthesized away the following DSP element node(s):
        Warning (14320): Synthesized away node "ALU:instALU|lpm_mult:Mult0|mult_m1t:auto_generated|mac_mult7"
        Warning (14320): Synthesized away node "ALU:instALU|lpm_mult:Mult0|mult_m1t:auto_generated|mac_out8"
Info (13014): Ignored 84 buffer(s)
    Info (13019): Ignored 84 SOFT buffer(s)
Info (17049): 27 registers lost all their fanouts during netlist optimizations. The first 27 are displayed below.
    Info (17050): Register "PC[5]" lost all its fanouts during netlist optimizations.
    Info (17050): Register "PC[6]" lost all its fanouts during netlist optimizations.
    Info (17050): Register "PC[7]" lost all its fanouts during netlist optimizations.
    Info (17050): Register "PC[8]" lost all its fanouts during netlist optimizations.
    Info (17050): Register "PC[9]" lost all its fanouts during netlist optimizations.
    Info (17050): Register "PC[10]" lost all its fanouts during netlist optimizations.
    Info (17050): Register "PC[11]" lost all its fanouts during netlist optimizations.
    Info (17050): Register "PC[12]" lost all its fanouts during netlist optimizations.
    Info (17050): Register "PC[13]" lost all its fanouts during netlist optimizations.
    Info (17050): Register "PC[14]" lost all its fanouts during netlist optimizations.
    Info (17050): Register "PC[15]" lost all its fanouts during netlist optimizations.
    Info (17050): Register "PC[16]" lost all its fanouts during netlist optimizations.
    Info (17050): Register "PC[17]" lost all its fanouts during netlist optimizations.
    Info (17050): Register "PC[18]" lost all its fanouts during netlist optimizations.
    Info (17050): Register "PC[19]" lost all its fanouts during netlist optimizations.
    Info (17050): Register "PC[20]" lost all its fanouts during netlist optimizations.
    Info (17050): Register "PC[21]" lost all its fanouts during netlist optimizations.
    Info (17050): Register "PC[22]" lost all its fanouts during netlist optimizations.
    Info (17050): Register "PC[23]" lost all its fanouts during netlist optimizations.
    Info (17050): Register "PC[24]" lost all its fanouts during netlist optimizations.
    Info (17050): Register "PC[25]" lost all its fanouts during netlist optimizations.
    Info (17050): Register "PC[26]" lost all its fanouts during netlist optimizations.
    Info (17050): Register "PC[27]" lost all its fanouts during netlist optimizations.
    Info (17050): Register "PC[28]" lost all its fanouts during netlist optimizations.
    Info (17050): Register "PC[29]" lost all its fanouts during netlist optimizations.
    Info (17050): Register "PC[30]" lost all its fanouts during netlist optimizations.
    Info (17050): Register "PC[31]" lost all its fanouts during netlist optimizations.
Info (16010): Generating hard_block partition "hard_block:auto_generated_inst"
Info (21057): Implemented 3320 device resources after synthesis - the final resource count might be different
    Info (21058): Implemented 1 input pins
    Info (21059): Implemented 128 output pins
    Info (21061): Implemented 3153 logic cells
    Info (21064): Implemented 32 RAM segments
    Info (21062): Implemented 6 DSP elements
Info: Quartus II 32-bit Analysis & Synthesis was successful. 0 errors, 8 warnings
    Info: Peak virtual memory: 357 megabytes
    Info: Processing ended: Sun Jun 23 16:07:24 2019
    Info: Elapsed time: 00:00:29
    Info: Total CPU time (on all processors): 00:00:13


